[    0.000000] Initializing cgroup subsys cpuset
[    0.000000] Initializing cgroup subsys cpu
[    0.000000] Initializing cgroup subsys cpuacct
[    0.000000] Linux version 4.4.0-204-generic (buildd@lgw01-amd64-018) (gcc version 5.4.0 20160609 (Ubuntu 5.4.0-6ubuntu1~16.04.12) ) #236-Ubuntu SMP Fri Feb 19 16:11:27 UTC 2021 (Ubuntu 4.4.0-204.236-generic 4.4.254)
[    0.000000] Command line: BOOT_IMAGE=/boot/vmlinuz-4.4.0-204-generic root=LABEL=cloudimg-rootfs ro console=tty1 console=ttyS0
[    0.000000] KERNEL supported cpus:
[    0.000000]   Intel GenuineIntel
[    0.000000]   AMD AuthenticAMD
[    0.000000]   Centaur CentaurHauls
[    0.000000] x86/fpu: Legacy x87 FPU detected.
[    0.000000] e820: BIOS-provided physical RAM map:
[    0.000000] BIOS-e820: [mem 0x0000000000000000-0x000000000009fbff] usable
[    0.000000] BIOS-e820: [mem 0x000000000009fc00-0x000000000009ffff] reserved
[    0.000000] BIOS-e820: [mem 0x00000000000f0000-0x00000000000fffff] reserved
[    0.000000] BIOS-e820: [mem 0x0000000000100000-0x000000003ffeffff] usable
[    0.000000] BIOS-e820: [mem 0x000000003fff0000-0x000000003fffffff] ACPI data
[    0.000000] BIOS-e820: [mem 0x00000000fec00000-0x00000000fec00fff] reserved
[    0.000000] BIOS-e820: [mem 0x00000000fee00000-0x00000000fee00fff] reserved
[    0.000000] BIOS-e820: [mem 0x00000000fffc0000-0x00000000ffffffff] reserved
[    0.000000] NX (Execute Disable) protection: active
[    0.000000] SMBIOS 2.5 present.
[    0.000000] Hypervisor detected: KVM
[    0.000000] e820: last_pfn = 0x3fff0 max_arch_pfn = 0x400000000
[    0.000000] MTRR: Disabled
[    0.000000] x86/PAT: MTRRs disabled, skipping PAT initialization too.
[    0.000000] CPU MTRRs all blank - virtualized system.
[    0.000000] x86/PAT: Configuration [0-7]: WB  WT  UC- UC  WB  WT  UC- UC  
[    0.000000] found SMP MP-table at [mem 0x0009fff0-0x0009ffff] mapped at [ffff88000009fff0]
[    0.000000] Scanning 1 areas for low memory corruption
[    0.000000] RAMDISK: [mem 0x362de000-0x37166fff]
[    0.000000] ACPI: Early table checksum verification disabled
[    0.000000] ACPI: RSDP 0x00000000000E0000 000024 (v02 VBOX  )
[    0.000000] ACPI: XSDT 0x000000003FFF0030 00003C (v01 VBOX   VBOXXSDT 00000001 ASL  00000061)
[    0.000000] ACPI: FACP 0x000000003FFF00F0 0000F4 (v04 VBOX   VBOXFACP 00000001 ASL  00000061)
[    0.000000] ACPI: DSDT 0x000000003FFF0470 002325 (v02 VBOX   VBOXBIOS 00000002 INTL 20100528)
[    0.000000] ACPI: FACS 0x000000003FFF0200 000040
[    0.000000] ACPI: FACS 0x000000003FFF0200 000040
[    0.000000] ACPI: APIC 0x000000003FFF0240 00005C (v02 VBOX   VBOXAPIC 00000001 ASL  00000061)
[    0.000000] ACPI: SSDT 0x000000003FFF02A0 0001CC (v01 VBOX   VBOXCPUT 00000002 INTL 20100528)
[    0.000000] No NUMA configuration found
[    0.000000] Faking a node at [mem 0x0000000000000000-0x000000003ffeffff]
[    0.000000] NODE_DATA(0) allocated [mem 0x3ffeb000-0x3ffeffff]
[    0.000000] kvm-clock: Using msrs 4b564d01 and 4b564d00
[    0.000000] kvm-clock: cpu 0, msr 0:3ffe3001, primary cpu clock
[    0.000000] kvm-clock: using sched offset of 7300849877 cycles
[    0.000000] clocksource: kvm-clock: mask: 0xffffffffffffffff max_cycles: 0x1cd42e4dffb, max_idle_ns: 881590591483 ns
[    0.000000] Zone ranges:
[    0.000000]   DMA      [mem 0x0000000000001000-0x0000000000ffffff]
[    0.000000]   DMA32    [mem 0x0000000001000000-0x000000003ffeffff]
[    0.000000]   Normal   empty
[    0.000000]   Device   empty
[    0.000000] Movable zone start for each node
[    0.000000] Early memory node ranges
[    0.000000]   node   0: [mem 0x0000000000001000-0x000000000009efff]
[    0.000000]   node   0: [mem 0x0000000000100000-0x000000003ffeffff]
[    0.000000] Initmem setup node 0 [mem 0x0000000000001000-0x000000003ffeffff]
[    0.000000] ACPI: PM-Timer IO Port: 0x4008
[    0.000000] IOAPIC[0]: apic_id 2, version 32, address 0xfec00000, GSI 0-23
[    0.000000] ACPI: INT_SRC_OVR (bus 0 bus_irq 0 global_irq 2 dfl dfl)
[    0.000000] ACPI: INT_SRC_OVR (bus 0 bus_irq 9 global_irq 9 low level)
[    0.000000] Using ACPI (MADT) for SMP configuration information
[    0.000000] smpboot: Allowing 2 CPUs, 0 hotplug CPUs
[    0.000000] PM: Registered nosave memory: [mem 0x00000000-0x00000fff]
[    0.000000] PM: Registered nosave memory: [mem 0x0009f000-0x0009ffff]
[    0.000000] PM: Registered nosave memory: [mem 0x000a0000-0x000effff]
[    0.000000] PM: Registered nosave memory: [mem 0x000f0000-0x000fffff]
[    0.000000] e820: [mem 0x40000000-0xfebfffff] available for PCI devices
[    0.000000] Booting paravirtualized kernel on KVM
[    0.000000] clocksource: refined-jiffies: mask: 0xffffffff max_cycles: 0xffffffff, max_idle_ns: 7645519600211568 ns
[    0.000000] setup_percpu: NR_CPUS:512 nr_cpumask_bits:512 nr_cpu_ids:2 nr_node_ids:1
[    0.000000] PERCPU: Embedded 33 pages/cpu @ffff88003fc00000 s95640 r8192 d31336 u1048576
[    0.000000] Built 1 zonelists in Node order, mobility grouping on.  Total pages: 257912
[    0.000000] Policy zone: DMA32
[    0.000000] Kernel command line: BOOT_IMAGE=/boot/vmlinuz-4.4.0-204-generic root=LABEL=cloudimg-rootfs ro console=tty1 console=ttyS0
[    0.000000] PID hash table entries: 4096 (order: 3, 32768 bytes)
[    0.000000] Memory: 997656K/1048120K available (8641K kernel code, 1337K rwdata, 4044K rodata, 1496K init, 1296K bss, 50464K reserved, 0K cma-reserved)
[    0.000000] SLUB: HWalign=64, Order=0-3, MinObjects=0, CPUs=2, Nodes=1
[    0.000000] Kernel/User page tables isolation: enabled
[    0.000000] Hierarchical RCU implementation.
[    0.000000] 	Build-time adjustment of leaf fanout to 64.
[    0.000000] 	RCU restricting CPUs from NR_CPUS=512 to nr_cpu_ids=2.
[    0.000000] RCU: Adjusting geometry for rcu_fanout_leaf=64, nr_cpu_ids=2
[    0.000000] NR_IRQS:33024 nr_irqs:440 16
[    0.000000] Console: colour VGA+ 80x25
[    0.000000] console [tty1] enabled
[    0.000000] console [ttyS0] enabled
[    0.000000] tsc: Detected 1799.998 MHz processor
[    1.406760] Calibrating delay loop (skipped) preset value.. 3599.99 BogoMIPS (lpj=7199992)
[    1.428581] pid_max: default: 32768 minimum: 301
[    1.438645] ACPI: Core revision 20150930
[    1.451835] ACPI: 2 ACPI AML tables successfully acquired and loaded
[    1.469118] Security Framework initialized
[    1.479660] Yama: becoming mindful.
[    1.490928] AppArmor: AppArmor initialized
[    1.502964] Dentry cache hash table entries: 131072 (order: 8, 1048576 bytes)
[    1.534753] Inode-cache hash table entries: 65536 (order: 7, 524288 bytes)
[    1.555651] Mount-cache hash table entries: 2048 (order: 2, 16384 bytes)
[    1.575187] Mountpoint-cache hash table entries: 2048 (order: 2, 16384 bytes)
[    1.603733] Initializing cgroup subsys io
[    1.614866] Initializing cgroup subsys memory
[    1.626322] Initializing cgroup subsys devices
[    1.637131] Initializing cgroup subsys freezer
[    1.651114] Initializing cgroup subsys net_cls
[    1.662240] Initializing cgroup subsys perf_event
[    1.676717] Initializing cgroup subsys net_prio
[    1.688827] Initializing cgroup subsys hugetlb
[    1.701797] Initializing cgroup subsys pids
[    1.715025] mce: CPU supports 0 MCE banks
[    1.727761] Last level iTLB entries: 4KB 64, 2MB 8, 4MB 8
[    1.743002] Last level dTLB entries: 4KB 64, 2MB 0, 4MB 0, 1GB 4
[    1.758197] Spectre V1 : Mitigation: usercopy/swapgs barriers and __user pointer sanitization
[    1.779892] Spectre V2 : Mitigation: Full generic retpoline
[    1.795816] Spectre V2 : Spectre v2 / SpectreRSB mitigation: Filling RSB on context switch
[    1.820516] Speculative Store Bypass: Vulnerable
[    1.835778] MDS: Mitigation: Clear CPU buffers
[    1.914903] Freeing SMP alternatives memory: 36K
[    2.095590] ftrace: allocating 32368 entries in 127 pages
[    3.711143] smpboot: APIC(0) Converting physical 0 to logical package 0
[    3.727112] smpboot: Max logical packages: 1
[    3.776893] ..TIMER: vector=0x30 apic1=0 pin1=2 apic2=-1 pin2=-1
[    3.902756] smpboot: CPU0: Intel(R) Core(TM) i5-8250U CPU @ 1.60GHz (family: 0x6, model: 0x8e, stepping: 0xa)
[    3.935419] Performance Events: unsupported p6 CPU model 142 no PMU driver, software events only.
[    4.110305] KVM setup paravirtual spinlock
[    4.126120] x86: Booting SMP configuration:
[    4.134249] .... node  #0, CPUs:      #1
[    4.143972] kvm-clock: cpu 1, msr 0:3ffe3041, secondary cpu clock
[    4.153132] mce: CPU supports 0 MCE banks
[    4.158306] TSC synchronization [CPU#0 -> CPU#1]:
[    4.167557] Measured 180917 cycles TSC warp between CPUs, turning off TSC clock.
[    4.183773] tsc: Marking TSC unstable due to check_tsc_sync_source failed
[    0.816051] x86: Booted up 1 node, 2 CPUs
[    0.820008] smpboot: Total of 2 processors activated (7199.99 BogoMIPS)
[    0.840022] devtmpfs: initialized
[    0.856622] evm: security.selinux
[    0.860006] evm: security.SMACK64
[    0.864006] evm: security.SMACK64EXEC
[    0.868003] evm: security.SMACK64TRANSMUTE
[    0.872008] evm: security.SMACK64MMAP
[    0.876004] evm: security.ima
[    0.880044] evm: security.capability
[    0.888815] clocksource: jiffies: mask: 0xffffffff max_cycles: 0xffffffff, max_idle_ns: 7645041785100000 ns
[    0.892027] futex hash table entries: 512 (order: 3, 32768 bytes)
[    0.897139] pinctrl core: initialized pinctrl subsystem
[    0.904614] RTC time:  7:30:21, date: 03/17/21
[    0.910940] NET: Registered protocol family 16
[    0.928023] cpuidle: using governor ladder
[    0.944032] cpuidle: using governor menu
[    0.948034] PCCT header not found.
[    0.952318] ACPI: bus type PCI registered
[    0.956009] acpiphp: ACPI Hot Plug PCI Controller Driver version: 0.5
[    0.960996] PCI: Using configuration type 1 for base access
[    1.004876] ACPI: Added _OSI(Module Device)
[    1.008014] ACPI: Added _OSI(Processor Device)
[    1.012012] ACPI: Added _OSI(3.0 _SCP Extensions)
[    1.016012] ACPI: Added _OSI(Processor Aggregator Device)
[    1.026416] ACPI: Executed 1 blocks of module-level executable AML code
[    1.044424] ACPI: Interpreter enabled
[    1.048035] ACPI: (supports S0 S5)
[    1.056015] ACPI: Using IOAPIC for interrupt routing
[    1.064148] PCI: Using host bridge windows from ACPI; if necessary, use "pci=nocrs" and report a bug
[    1.088556] ACPI: PCI Root Bridge [PCI0] (domain 0000 [bus 00-ff])
[    1.092017] acpi PNP0A03:00: _OSC: OS supports [ASPM ClockPM Segments MSI]
[    1.097531] acpi PNP0A03:00: _OSC: not requesting OS control; OS requires [ExtendedConfig ASPM ClockPM MSI]
[    1.100049] acpi PNP0A03:00: fail to add MMCONFIG information, can't access extended PCI configuration space under this bridge.
[    1.109454] PCI host bridge to bus 0000:00
[    1.112015] pci_bus 0000:00: root bus resource [io  0x0000-0x0cf7 window]
[    1.116025] pci_bus 0000:00: root bus resource [io  0x0d00-0xffff window]
[    1.124034] pci_bus 0000:00: root bus resource [mem 0x000a0000-0x000bffff window]
[    1.128014] pci_bus 0000:00: root bus resource [mem 0x40000000-0xfdffffff window]
[    1.132011] pci_bus 0000:00: root bus resource [bus 00-ff]
[    1.150571] pci 0000:00:01.1: legacy IDE quirk: reg 0x10: [io  0x01f0-0x01f7]
[    1.152009] pci 0000:00:01.1: legacy IDE quirk: reg 0x14: [io  0x03f6]
[    1.156012] pci 0000:00:01.1: legacy IDE quirk: reg 0x18: [io  0x0170-0x0177]
[    1.160016] pci 0000:00:01.1: legacy IDE quirk: reg 0x1c: [io  0x0376]
[    1.237889] pci 0000:00:07.0: quirk: [io  0x4000-0x403f] claimed by PIIX4 ACPI
[    1.240070] pci 0000:00:07.0: quirk: [io  0x4100-0x410f] claimed by PIIX4 SMB
[    1.273169] ACPI: PCI Interrupt Link [LNKA] (IRQs 5 9 10 *11)
[    1.289269] ACPI: PCI Interrupt Link [LNKB] (IRQs 5 9 *10 11)
[    1.304537] ACPI: PCI Interrupt Link [LNKC] (IRQs 5 *9 10 11)
[    1.321888] ACPI: PCI Interrupt Link [LNKD] (IRQs 5 9 10 *11)
[    1.338179] ACPI: Enabled 2 GPEs in block 00 to 07
[    1.344778] vgaarb: setting as boot device: PCI:0000:00:02.0
[    1.348000] vgaarb: device added: PCI:0000:00:02.0,decodes=io+mem,owns=io+mem,locks=none
[    1.352017] vgaarb: loaded
[    1.356011] vgaarb: bridge control possible 0000:00:02.0
[    1.364130] SCSI subsystem initialized
[    1.373078] ACPI: bus type USB registered
[    1.376098] usbcore: registered new interface driver usbfs
[    1.384124] usbcore: registered new interface driver hub
[    1.388079] usbcore: registered new device driver usb
[    1.400323] PCI: Using ACPI for IRQ routing
[    1.408807] NetLabel: Initializing
[    1.412008] NetLabel:  domain hash size = 128
[    1.416010] NetLabel:  protocols = UNLABELED CIPSOv4
[    1.420060] NetLabel:  unlabeled traffic allowed by default
[    1.428263] amd_nb: Cannot enumerate AMD northbridges
[    1.432680] clocksource: Switched to clocksource kvm-clock
[    1.444953] AppArmor: AppArmor Filesystem Enabled
[    1.444953] pnp: PnP ACPI init
[    1.444953] pnp: PnP ACPI: found 3 devices
[    1.680045] clocksource: acpi_pm: mask: 0xffffff max_cycles: 0xffffff, max_idle_ns: 2085701024 ns
[    1.680728] NET: Registered protocol family 2
[    1.709405] TCP established hash table entries: 8192 (order: 4, 65536 bytes)
[    1.727261] TCP bind hash table entries: 8192 (order: 5, 131072 bytes)
[    1.730471] TCP: Hash tables configured (established 8192 bind 8192)
[    1.730471] UDP hash table entries: 512 (order: 2, 16384 bytes)
[    1.730471] UDP-Lite hash table entries: 512 (order: 2, 16384 bytes)
[    1.730471] NET: Registered protocol family 1
[    1.730471] pci 0000:00:00.0: Limiting direct PCI/PCI transfers
[    1.730471] pci 0000:00:01.0: Activating ISA DMA hang workarounds
[    1.730471] Unpacking initramfs...
[    2.560026] Freeing initrd memory: 14884K
[    2.560026] clocksource: tsc: mask: 0xffffffffffffffff max_cycles: 0x19f227af07c, max_idle_ns: 440795246167 ns
[    2.560026] platform rtc_cmos: registered platform RTC device (no PNP device found)
[    2.560026] Scanning for low memory corruption every 60 seconds
[    3.013291] audit: initializing netlink subsys (disabled)
[    3.031054] audit: type=2000 audit(1615966229.114:1): initialized
[    3.053674] Initialise system trusted keyring
[    3.069245] HugeTLB registered 2 MB page size, pre-allocated 0 pages
[    3.093274] zbud: loaded
[    3.106089] VFS: Disk quotas dquot_6.6.0
[    3.117610] VFS: Dquot-cache hash table entries: 512 (order 0, 4096 bytes)
[    3.136986] squashfs: version 4.0 (2009/01/31) Phillip Lougher
[    3.153684] fuse init (API version 7.23)
[    3.165300] Key type big_key registered
[    3.176861] Allocating IMA MOK and blacklist keyrings.
[    3.240004] Key type asymmetric registered
[    3.254688] Asymmetric key parser 'x509' registered
[    3.271149] Block layer SCSI generic (bsg) driver version 0.4 loaded (major 249)
[    3.293037] io scheduler noop registered
[    3.303970] io scheduler deadline registered (default)
[    3.319241] io scheduler cfq registered
[    3.322974] pci_hotplug: PCI Hot Plug PCI Core version: 0.5
[    3.322974] pciehp: PCI Express Hot Plug Controller Driver version: 0.4
[    3.322974] ACPI: AC Adapter [AC] (off-line)
[    3.322974] input: Power Button as /devices/LNXSYSTM:00/LNXPWRBN:00/input/input0
[    3.322974] ACPI: Power Button [PWRF]
[    3.385465] input: Sleep Button as /devices/LNXSYSTM:00/LNXSLPBN:00/input/input1
[    3.405384] ACPI: Sleep Button [SLPF]
[    3.418225] GHES: HEST is not enabled!
[    3.422933] ACPI: Battery Slot [BAT0] (battery present)
[    3.445133] Serial: 8250/16550 driver, 32 ports, IRQ sharing enabled
[    3.492929] 00:02: ttyS0 at I/O 0x3f8 (irq = 4, base_baud = 115200) is a 16550A
[    3.570362] Linux agpgart interface v0.103
[    3.616990] loop: module loaded
[    3.630564] scsi host0: ata_piix
[    3.642422] scsi host1: ata_piix
[    3.646290] ata1: PATA max UDMA/33 cmd 0x1f0 ctl 0x3f6 bmdma 0xd000 irq 14
[    3.646290] ata2: PATA max UDMA/33 cmd 0x170 ctl 0x376 bmdma 0xd008 irq 15
[    3.683679] libphy: Fixed MDIO Bus: probed
[    3.702380] tun: Universal TUN/TAP device driver, 1.6
[    3.720905] tun: (C) 1999-2004 Max Krasnyansky <maxk@qualcomm.com>
[    3.743513] PPP generic driver version 2.4.2
[    3.761733] ehci_hcd: USB 2.0 'Enhanced' Host Controller (EHCI) Driver
[    3.778779] ehci-pci: EHCI PCI platform driver
[    3.794867] ehci-platform: EHCI generic platform driver
[    3.811946] ohci_hcd: USB 1.1 'Open' Host Controller (OHCI) Driver
[    3.832205] ohci-pci: OHCI PCI platform driver
[    3.845873] ohci-platform: OHCI generic platform driver
[    3.865036] uhci_hcd: USB Universal Host Controller Interface driver
[    3.887282] i8042: PNP: PS/2 Controller [PNP0303:PS2K,PNP0f03:PS2M] at 0x60,0x64 irq 1,12
[    3.972193] serio: i8042 KBD port at 0x60,0x64 irq 1
[    3.987049] serio: i8042 AUX port at 0x60,0x64 irq 12
[    4.003047] mousedev: PS/2 mouse device common for all mice
[    4.027892] rtc_cmos rtc_cmos: rtc core: registered rtc_cmos as rtc0
[    4.044680] rtc_cmos rtc_cmos: alarms up to one day, 114 bytes nvram
[    4.062354] i2c /dev entries driver
[    4.075622] device-mapper: uevent: version 1.0.3
[    4.099477] device-mapper: ioctl: 4.34.0-ioctl (2015-10-28) initialised: dm-devel@redhat.com
[    4.136030] ledtrig-cpu: registered to indicate activity on CPUs
[    4.159081] input: AT Translated Set 2 keyboard as /devices/platform/i8042/serio0/input/input2
[    4.185724] NET: Registered protocol family 10
[    4.201637] NET: Registered protocol family 17
[    4.214740] Key type dns_resolver registered
[    4.229497] registered taskstats version 1
[    4.241915] Loading compiled-in X.509 certificates
[    4.257580] Loaded X.509 cert 'Build time autogenerated kernel key: 7d89d4973e8e82529e7123890c54abbb198c4f27'
[    4.283411] zswap: loaded using pool lzo/zbud
[    4.306245] Key type trusted registered
[    4.335566] Key type encrypted registered
[    4.348904] AppArmor: AppArmor sha1 policy hashing enabled
[    4.366278] ima: No TPM chip found, activating TPM-bypass!
[    4.380108] ima: Allocated hash algorithm: sha1
[    4.392781] evm: HMAC attrs: 0x1
[    4.405877]   Magic number: 13:476:521
[    4.419029] rtc_cmos rtc_cmos: setting system clock to 2021-03-17 07:30:26 UTC (1615966226)
[    4.442450] BIOS EDD facility v0.16 2004-Jun-25, 0 devices found
[    4.459912] EDD information not available.
[    4.479442] Freeing unused kernel memory: 1496K
[    4.493171] Write protecting the kernel read-only data: 14336k
[    4.512135] Freeing unused kernel memory: 1588K
[    4.527762] Freeing unused kernel memory: 52K
Loading, please wait...
starting version 229
[    4.617204] random: systemd-udevd: uninitialized urandom read (16 bytes read, 6 bits of entropy available)
[    4.621407] random: udevadm: uninitialized urandom read (16 bytes read, 6 bits of entropy available)
[    4.621486] random: udevadm: uninitialized urandom read (16 bytes read, 6 bits of entropy available)
[    4.682080] random: udevadm: uninitialized urandom read (16 bytes read, 6 bits of entropy available)
[    4.682234] random: udevadm: uninitialized urandom read (16 bytes read, 6 bits of entropy available)
[    4.683018] random: udevadm: uninitialized urandom read (16 bytes read, 6 bits of entropy available)
[    4.683248] random: udevadm: uninitialized urandom read (16 bytes read, 6 bits of entropy available)
[    4.684840] random: udevadm: uninitialized urandom read (16 bytes read, 6 bits of entropy available)
[    4.685094] random: udevadm: uninitialized urandom read (16 bytes read, 6 bits of entropy available)
[    4.685322] random: udevadm: uninitialized urandom read (16 bytes read, 6 bits of entropy available)
[    5.066663] e1000: Intel(R) PRO/1000 Network Driver - version 7.3.21-k8-NAPI
[    5.090839] e1000: Copyright (c) 1999-2006 Intel Corporation.
[    5.122635] Fusion MPT base driver 3.04.20
[    5.140425] Copyright (c) 1999-2008 LSI Corporation
[    5.314928] Fusion MPT SPI Host driver 3.04.20
[    5.547042] input: ImExPS/2 Generic Explorer Mouse as /devices/platform/i8042/serio1/input/input4
[    6.758108] e1000 0000:00:03.0 eth0: (PCI:33MHz:32-bit) 02:96:8e:bc:5b:f3
[    6.778592] e1000 0000:00:03.0 eth0: Intel(R) PRO/1000 Network Connection
[    8.158729] e1000 0000:00:08.0 eth1: (PCI:33MHz:32-bit) 08:00:27:d5:7e:10
[    8.183639] e1000 0000:00:08.0 eth1: Intel(R) PRO/1000 Network Connection
[    8.211775] e1000 0000:00:08.0 enp0s8: renamed from eth1
[    8.231001] mptbase: ioc0: Initiating bringup
[    8.249768] e1000 0000:00:03.0 enp0s3: renamed from eth0
[    8.344294] ioc0: LSI53C1030 A0: Capabilities={Initiator}
[    9.418308] scsi host2: ioc0: LSI53C1030 A0, FwRev=00000000h, Ports=1, MaxQ=256, IRQ=20
[   10.150420] scsi 2:0:0:0: Direct-Access     VBOX     HARDDISK         1.0  PQ: 0 ANSI: 5
[   10.193153] scsi target2:0:0: Beginning Domain Validation
[   10.263089] scsi target2:0:0: Domain Validation skipping write tests
[   10.288657] scsi target2:0:0: Ending Domain Validation
[   10.300243] scsi target2:0:0: asynchronous
[   10.320740] scsi 2:0:1:0: Direct-Access     VBOX     HARDDISK         1.0  PQ: 0 ANSI: 5
[   10.340871] scsi target2:0:1: Beginning Domain Validation
[   10.378824] scsi target2:0:1: Domain Validation skipping write tests
[   10.397054] scsi target2:0:1: Ending Domain Validation
[   10.412438] scsi target2:0:1: asynchronous
[   10.530680] sd 2:0:0:0: Attached scsi generic sg0 type 0
[   10.534797] sd 2:0:0:0: [sda] 83886080 512-byte logical blocks: (42.9 GB/40.0 GiB)
[   10.539499] sd 2:0:0:0: [sda] Write Protect is off
[   10.543078] sd 2:0:0:0: [sda] Incomplete mode parameter data
[   10.543084] sd 2:0:0:0: [sda] Assuming drive cache: write through
[   10.578315]  sda: sda1
[   10.587746] sd 2:0:0:0: [sda] Attached SCSI disk
[   10.653543] sd 2:0:1:0: Attached scsi generic sg1 type 0
[   10.656875] sd 2:0:1:0: [sdb] 20480 512-byte logical blocks: (10.5 MB/10.0 MiB)
[   10.659447] sd 2:0:1:0: [sdb] Write Protect is off
[   10.661025] sd 2:0:1:0: [sdb] Incomplete mode parameter data
[   10.661028] sd 2:0:1:0: [sdb] Assuming drive cache: write through
[   10.686638] sd 2:0:1:0: [sdb] Attached SCSI disk
Begin: Loading essential drivers ... [   13.834589] md: linear personality registered for level -1
[   13.867064] md: multipath personality registered for level -4
[   13.896989] md: raid0 personality registered for level 0
[   13.949015] md: raid1 personality registered for level 1
[   14.044615] raid6: sse2x1   gen()  3871 MB/s
[   14.124511] raid6: sse2x1   xor()  2145 MB/s
[   14.204292] raid6: sse2x2   gen()  5254 MB/s
[   14.276447] raid6: sse2x2   xor()  3810 MB/s
[   14.352854] raid6: sse2x4   gen()  5474 MB/s
[   14.432933] raid6: sse2x4   xor()  3647 MB/s
[   14.443814] raid6: using algorithm sse2x4 gen() 5474 MB/s
[   14.459796] raid6: .... xor() 3647 MB/s, rmw enabled
[   14.474996] raid6: using ssse3x2 recovery algorithm
[   14.496349] xor: measuring software checksum speed
[   14.548735]    prefetch64-sse:  5395.000 MB/sec
[   14.596952]    generic_sse:  5472.000 MB/sec
[   14.608778] xor: using function: generic_sse (5472.000 MB/sec)
[   14.631501] async_tx: api initialized (async)
[   14.761247] md: raid6 personality registered for level 6
[   14.776288] md: raid5 personality registered for level 5
[   14.790672] md: raid4 personality registered for level 4
[   14.865839] md: raid10 personality registered for level 10
done.
Begin: Running /scripts/init-premount ... done.
Begin: Mounting root file system ... Begin: Running /scripts/local-top ... done.
Begin: Running /scripts/local-premount ... [   15.086589] Btrfs loaded
Scanning for Btrfs filesystems
done.
Warning: fsck not present, so skipping root file system
[   15.279780] EXT4-fs (sda1): mounted filesystem with ordered data mode. Opts: (null)
done.
Begin: Running /scripts/local-bottom ... done.
Begin: Running /scripts/init-bottom ... done.
[   15.878463] systemd[1]: systemd 229 running in system mode. (+PAM +AUDIT +SELINUX +IMA +APPARMOR +SMACK +SYSVINIT +UTMP +LIBCRYPTSETUP +GCRYPT +GNUTLS +ACL +XZ -LZ4 +SECCOMP +BLKID +ELFUTILS +KMOD -IDN)
[   15.919546] systemd[1]: Detected virtualization oracle.
[   15.923277] systemd[1]: Detected architecture x86-64.

Welcome to [1mUbuntu 16.04.7 LTS[0m!

[   15.965469] systemd[1]: Set hostname to <ubuntu>.
[   16.000973] systemd[1]: Initializing machine ID from random generator.
[   16.017861] systemd[1]: Installed transient /etc/machine-id file.
[   16.827140] random: nonblocking pool is initialized
[   16.966182] systemd[1]: Created slice System Slice.
[[0;32m  OK  [0m] Created slice System Slice.
[   16.986539] systemd[1]: Set up automount Arbitrary Executable File Formats File System Automount Point.
[[0;32m  OK  [0m] Set up automount Arbitrary Executab...ats File System Automount Point.
[   17.021022] systemd[1]: Reached target Swap.
[[0;32m  OK  [0m] Reached target Swap.
[   17.038053] systemd[1]: Listening on Journal Audit Socket.
[[0;32m  OK  [0m] Listening on Journal Audit Socket.
[   17.061097] systemd[1]: Listening on fsck to fsckd communication Socket.
[[0;32m  OK  [0m] Listening on fsck to fsckd communication Socket.
[   17.086531] systemd[1]: Listening on udev Control Socket.
[[0;32m  OK  [0m] Listening on udev Control Socket.
[   17.109796] systemd[1]: Started Trigger resolvconf update for networkd DNS.
[[0;32m  OK  [0m] Started Trigger resolvconf update for networkd DNS.
[   17.139213] systemd[1]: Listening on /dev/initctl Compatibility Named Pipe.
[[0;32m  OK  [0m] Listening on /dev/initctl Compatibility Named Pipe.
[   17.170395] systemd[1]: Listening on Journal Socket.
[[0;32m  OK  [0m] Listening on Journal Socket.
[   17.225002] systemd[1]: Starting Load Kernel Modules...
         Starting Load Kernel Modules...
[   17.274613] systemd[1]: Starting Nameserver information manager...
         Starting Nameserver information manager...
[   17.318187] systemd[1]: Starting Set console keymap...
[   17.338060] Loading iSCSI transport class v2.0-870.
         Starting Set console keymap...
[   17.373272] systemd[1]: Listening on Journal Socket (/dev/log).
[[0;32m  OK  [0m] Listening on Journal Socket (/dev/log).
[   17.407059] systemd[1]: Listening on Device-mapper event daemon FIFOs.
[[0;32m  OK  [0m[   17.454749] iscsi: registered transport (tcp)
] Listening on Device-mapper event daemon FIFOs.
[   17.502528] systemd[1]: Mounting Debug File System...
         Mounting Debug File System...
[   17.563542] systemd[1]: Reached target Encrypted Volumes.
[[0;32m  OK  [0m] Reached target Encrypted Volumes.
[   17.642243] systemd[1]: Starting Create list of required static device nodes for the current kernel...
         Starting Create list of required st... nodes for the current kernel...
[   17.717446] systemd[1]: Listening on Syslog Socket.
[[0;32m  OK  [0m] Listening on Syslog Socket.
[   17.765994] systemd[1]: Mounting Huge Pages File System...
         Mounting Huge Pages File System...
[   17.805763] systemd[1]: Listening on LVM2 poll daemon socket.
[[0;32m  OK  [0m] Listening on LVM2 poll daemon socket.
[   17.881714] systemd[1]: Mounting POSIX Message Queue File System...
         Mounting POSIX Message Queue File System...
[   17.926951] systemd[1]: Starting Uncomplicated firewall...
         Starting Uncomplicated firewall...
[   17.966039] systemd[1]: Started Forward Password Requests to Wall Directory Watch.
[[0;32m  OK  [0m] Started Forward Password Requests to Wall Direct[   18.015179] iscsi: registered transport (iser)
ory Watch.
[   18.024268] systemd[1]: Listening on udev Kernel Socket.
[[0;32m  OK  [0m] Listening on udev Kernel Socket.
[   18.057503] systemd[1]: Created slice User and Session Slice.
[[0;32m  OK  [0m] Created slice User and Session Slice.
[   18.089810] systemd[1]: Reached target Slices.
[[0;32m  OK  [0m] Reached target Slices.
[   18.129722] systemd[1]: Starting Journal Service...
         Starting Journal Service...
[   18.178951] systemd[1]: Reached target System Time Synchronized.
[[0;32m  OK  [0m] Reached target System Time Synchronized.
[   18.225519] systemd[1]: Reached target User and Group Name Lookups.
[[0;32m  OK  [0m] Reached target User and Group Name Lookups.
[   18.270423] systemd[1]: Listening on LVM2 metadata daemon socket.
[[0;32m  OK  [0m] Listening on LVM2 metadata daemon socket.
[   18.317216] systemd[1]: Starting Monitoring of LVM2 mirrors, snapshots etc. using dmeventd or progress polling...
         Starting Monitoring of LVM2 mirrors... dmeventd or progress polling...
[   18.407200] systemd[1]: Starting File System Check on Root Device...
         Starting File System Check on Root Device...
[   18.483397] systemd[1]: Created slice system-serial\x2dgetty.slice.
[[0;32m  OK  [0m] Created slice system-serial\x2dgetty.slice.
[   18.581117] systemd[1]: Mounted Huge Pages File System.
[[0;32m  OK  [0m] Mounted Huge Pages File System.
[   18.617370] systemd[1]: Mounted POSIX Message Queue File System.
[[0;32m  OK  [0m] Mounted POSIX Message Queue File System.
[   18.652102] systemd[1]: Mounted Debug File System.
[[0;32m  OK  [0m] Mounted Debug File System.
[   18.685193] systemd[1]: Started Journal Service.
[[0;32m  OK  [0m] Started Journal Service.
[[0;32m  OK  [0m] Started Load Kernel Modules.
[[0;32m  OK  [0m] Started Set console keymap.
[[0;32m  OK  [0m] Started Create list of required sta...ce nodes for the current kernel.
[[0;32m  OK  [0m] Started Uncomplicated firewall.
[[0;32m  OK  [0m] Started File System Check on Root Device.
[[0;32m  OK  [0m] Started Nameserver information manager.
[[0;32m  OK  [0m] Started LVM2 metadata daemon.
[[0;32m  OK  [0m] Started File System Check Daemon to report status.
         Starting Remount Root and Kernel File Systems...
         Starting Create Static Device Nodes in /dev...
         Mounting FUSE Control File System...
         Starting Apply Kernel V[   19.045956] EXT4-fs (sda1): re-mounted. Opts: (null)
ariables...
[[0;32m  OK  [0m] Mounted FUSE Control File System.
[[0;32m  OK  [0m] Started Remount Root and Kernel File Systems.
[[0;32m  OK  [0m] Started Monitoring of LVM2 mirrors,...ng dmeventd or progress polling.
[[0;32m  OK  [0m] Started Create Static Device Nodes in /dev.
[[0;32m  OK  [0m] Started Apply Kernel Variables.
         Starting udev Kernel Device Manager...
         Starting udev Coldplug all Devices...
[[0;32m  OK  [0m] Reached target Local File Systems (Pre).
         Starting Flush Journal to Persistent Storage...
         Starting Load/Save Random Seed...
[[0;32m  OK  [0m] Reached target Local File Systems.
         Starting Initial cloud-init job (pre-networking)...
         Starting LSB: AppArmor initialization...
         Starting Set console font and keymap...
         Starting Tell Plymouth To Write Out Runtime Data...
         Starting Commit a transient machine-id on disk...
[[0;32m  OK  [0m] Started udev Kernel Device Manager.
[[0;32m  OK  [0m] Started Load/Save Random Seed.
[[0;32m  OK  [0m] Started Tell Plymouth To Write Out Runtime Data.
[[0;32m  OK  [0m] Started Commit a transient machine-id on disk.
[[0;32m  OK  [0m] Started Flush Journal to Persistent Storage.
         Starting Create Volatile Files and Directories...
[[0;32m  OK  [0m] Started Create Volatile Files and Directories.
         Starting Update UTMP about System Boot/Shutdown...
[[0;32m  OK  [0m] Started Update UTMP about System Boot/Shutdown.
[[0;32m  OK  [0m] Started udev Coldplug all Devices.
[[0;32m  OK  [0m] Started Dispatch Password Requests to Console Directory Watch.
[[0;32m  OK  [0m] Found device /dev/ttyS0.
[[0;32m  OK  [0m] Listening on Load/Save RF Kill Switch Status /dev/rfkill Watch.
[[0;32m  OK  [0m] Started LSB: AppArmor initialization.
         Starting Load AppArmor profiles managed internally by snapd...
[[0;32m  OK  [0m] Started Load AppArmor profiles managed internally by snapd.
[   28.017073] cloud-init[471]: Cloud-init v. 20.4.1-0ubuntu1~16.04.1 running 'init-local' at Wed, 17 Mar 2021 07:30:48 +0000. Up 26.81 seconds.
[[0;32m  OK  [0m] Started Initial cloud-init job (pre-networking).
[[0;32m  OK  [0m] Reached target Network (Pre).
         Starting Raise network interfaces...
[[0;32m  OK  [0m] Started Set console font and keymap.
[[0;32m  OK  [0m] Created slice system-getty.slice.
[[0;32m  OK  [0m] Started Raise network interfaces.
         Starting Initial cloud-init job (metadata service crawler)...
[[0;32m  OK  [0m] Reached target Network.
[   34.165839] cloud-init[950]: Cloud-init v. 20.4.1-0ubuntu1~16.04.1 running 'init' at Wed, 17 Mar 2021 07:30:54 +0000. Up 32.48 seconds.
[   34.178425] cloud-init[950]: ci-info: ++++++++++++++++++++++++++++++++++++++Net device info+++++++++++++++++++++++++++++++++++++++
[   34.190069] cloud-init[950]: ci-info: +--------+-------+----------------------------+---------------+--------+-------------------+
[   34.201545] cloud-init[950]: ci-info: | Device |   Up  |          Address           |      Mask     | Scope  |     Hw-Address    |
[   34.219764] cloud-init[950]: ci-info: +--------+-------+----------------------------+---------------+--------+-------------------+
[   34.238041] cloud-init[950]: ci-info: | enp0s3 |  True |         10.0.2.15          | 255.255.255.0 | global | 02:96:8e:bc:5b:f3 |
[   34.255333] cloud-init[950]: ci-info: | enp0s3 |  True | fe80::96:8eff:febc:5bf3/64 |       .       |  link  | 02:96:8e:bc:5b:f3 |
[   34.273529] cloud-init[950]: ci-info: | enp0s8 | False |             .              |       .       |   .    | 08:00:27:d5:7e:10 |
[   34.290396] cloud-init[950]: ci-info: |   lo   |  True |         127.0.0.1          |   255.0.0.0   |  host  |         .         |
[   34.307576] cloud-init[950]: ci-info: |   lo   |  True |          ::1/128           |       .       |  host  |         .         |
[   34.326869] cloud-init[950]: ci-info: +--------+-------+----------------------------+---------------+--------+-------------------+
[   34.345683] cloud-init[950]: ci-info: +++++++++++++++++++++++++++Route IPv4 info++++++++++++++++++++++++++++
[   34.362380] cloud-init[950]: ci-info: +-------+-------------+----------+---------------+-----------+-------+
[   34.379461] cloud-init[950]: ci-info: | Route | Destination | Gateway  |    Genmask    | Interface | Flags |
[   34.398091] cloud-init[950]: ci-info: +-------+-------------+----------+---------------+-----------+-------+
[   34.415373] cloud-init[950]: ci-info: |   0   |   0.0.0.0   | 10.0.2.2 |    0.0.0.0    |   enp0s3  |   UG  |
[   34.431826] cloud-init[950]: ci-info: |   1   |   10.0.2.0  | 0.0.0.0  | 255.255.255.0 |   enp0s3  |   U   |
[   34.449201] cloud-init[950]: ci-info: +-------+-------------+----------+---------------+-----------+-------+
[   34.465957] cloud-init[950]: ci-info: +++++++++++++++++++Route IPv6 info+++++++++++++++++++
[   34.481968] cloud-init[950]: ci-info: +-------+-------------+---------+-----------+-------+
[   34.497235] cloud-init[950]: ci-info: | Route | Destination | Gateway | Interface | Flags |
[   34.512485] cloud-init[950]: ci-info: +-------+-------------+---------+-----------+-------+
[   34.527314] cloud-init[950]: ci-info: |   0   |  fe80::/64  |    ::   |   enp0s3  |   U   |
[   34.542845] cloud-init[950]: ci-info: |   3   |   ff00::/8  |    ::   |   enp0s3  |   U   |
[   34.555668] cloud-init[950]: ci-info: +-------+-------------+---------+-----------+-------+
[   34.569764] cloud-init[950]: Generating public/private rsa key pair.
[   34.582823] cloud-init[950]: Your identification has been saved in /etc/ssh/ssh_host_rsa_key.
[   34.598237] cloud-init[950]: Your public key has been saved in /etc/ssh/ssh_host_rsa_key.pub.
[   34.613721] cloud-init[950]: The key fingerprint is:
[   34.625537] cloud-init[950]: SHA256:GMf5GU+S0FeCBxBFodWuXqgUpiICH0eJ0LCVQxErZFM root@ubuntu-xenial
[   34.641723] cloud-init[950]: The key's randomart image is:
[   34.654919] cloud-init[950]: +---[RSA 2048]----+
[   34.666024] cloud-init[950]: |oO*E .  +**=...  |
[   34.678630] cloud-init[950]: |oo*.o  . =o.+.   |
[   34.689617] cloud-init[950]: |o .o  . = ++.    |
[[0;32m  OK  [0m] Started Initial cloud-init job (metadata service crawler).
[[0;32m  OK  [0m] Reached target Network is Online.
[   34.701548] cloud-init[950]: |... .  +o. *.    |
         Starting iSCSI initiator daemon (iscsid)...
[[0;32m  OK  [0m] Reached target Cloud-config availability.
[[0;32m  OK  [0m] Reached target System Initialization.
[[0;32m  OK  [0m] Listening on ACPID Listen Socket.
[[0;32m  OK  [0m] Started Daily Cleanup of Temporary Directories.
[   34.727270] cloud-init[950]: |.. o  .oS.oo.    |
         Starting LXD - unix socket.
[   34.771152] cloud-init[950]: |. o . . . o .    |
[   34.796642] cloud-init[950]: | . . . . o .     |
         Starting Socket activation for snappy daemon.
[   34.808322] cloud-init[950]: |        . .      |
[   34.822776] cloud-init[950]: |                 |
[   34.822886] cloud-init[950]: +----[SHA256]-----+
[   34.823999] cloud-init[950]: Generating public/private dsa key pair.
[[0;32m  OK  [0m] Started Message of the Day.
[   34.824535] cloud-init[950]: Your identification has been saved in /etc/ssh/ssh_host_dsa_key.
[   34.864933] cloud-init[950]: Your public key has been saved in /etc/ssh/ssh_host_dsa_key.pub.
[   34.867947] cloud-init[950]: The key fingerprint is:
[   34.868135] cloud-init[950]: SHA256:/vwBU5zgxefcMiIj9CKva95B/g3PqoFr5DBcAmsvJEM root@ubuntu-xenial
[   34.870316] cloud-init[950]: The key's randomart image is:
[   34.871537] cloud-init[950]: +---[DSA 1024]----+
[   34.874026] cloud-init[950]: |          ...    |
[   34.875133] cloud-init[950]: | E.     .. +...  |
[   34.877452] cloud-init[950]: |.  o   . .. ++ . |
[   34.878579] cloud-init[950]: |o + . o o +.. = .|
[   34.878756] cloud-init[950]: | = o o oSooo . o |
[   34.878934] cloud-init[950]: |  . = .=.  o     |
[   34.879160] cloud-init[950]: |   . =..= . .    |
[   34.882079] cloud-init[950]: |      =o * = .   |
[   34.882267] cloud-init[950]: |     ++.o.=o=    |
[   34.882442] cloud-init[950]: +----[SHA256]-----+
[   34.883665] cloud-init[950]: Generating public/private ecdsa key pair.
[   34.886336] cloud-init[950]: Your identification has been saved in /etc/ssh/ssh_host_ecdsa_key.
[   34.886516] cloud-init[950]: Your public key has been saved in /etc/ssh/ssh_host_ecdsa_key.pub.
[   34.886698] cloud-init[950]: The key fingerprint is:
[   34.886921] cloud-init[950]: SHA256:5d0a39KlyUNk/QHE/yFpZPNzWJKjM80q0MQ72KXOkX4 root@ubuntu-xenial
[   34.888124] cloud-init[950]: The key's randomart image is:
[   34.888837] cloud-init[950]: +---[ECDSA 256]---+
[   34.889039] cloud-init[950]: |         .  oo . |
[   34.890189] cloud-init[950]: |          o .==..|
[   34.891272] cloud-init[950]: |         =.=o+B*.|
[   34.891450] cloud-init[950]: |        ooO.+B+=+|
[   34.894062] cloud-init[950]: |        S=.o+++ B|
[   34.894257] cloud-init[950]: |          = E* =o|
[   34.894412] cloud-init[950]: |           o. B o|
[   34.894590] cloud-init[950]: |               o |
[   34.894831] cloud-init[950]: |                 |
[   34.895931] cloud-init[950]: +----[SHA256]-----+
[   34.898373] cloud-init[950]: Generating public/private ed25519 key pair.
[   34.899671] cloud-init[950]: Your identification has been saved in /etc/ssh/ssh_host_ed25519_key.
[   34.901961] cloud-init[950]: Your public key has been saved in /etc/ssh/ssh_host_ed25519_key.pub.
[   34.903030] cloud-init[950]: The key fingerprint is:
[   34.904088] cloud-init[950]: SHA256:DLuTFsXClNUzF3ECTNK6V+rFB24+0l4gRm9eu69OW4c root@ubuntu-xenial
[   34.906484] cloud-init[950]: The key's randomart image is:
[   34.907535] cloud-init[950]: +--[ED25519 256]--+
[   34.909209] cloud-init[950]: |      .oo=o.+o.  |
[   34.909445] cloud-init[950]: |     o.. .* .o   |
[   34.911415] cloud-init[950]: |      + o..+     |
[   34.911834] cloud-init[950]: |       *.. .o    |
[   34.914465] cloud-init[950]: |      o S.o=+..  |
[   34.915479] cloud-init[950]: |       +..o+=o.o |
[   34.917830] cloud-init[950]: |      =  o =..E o|
[   34.918876] cloud-init[950]: |     . .  o +o +.|
[   34.919947] cloud-init[950]: |           o.o=o.|
[   34.920645] cloud-init[950]: +----[SHA256]-----+
[[0;32m  OK  [0m] Started ACPI Events Check.
[[0;32m  OK  [0m] Reached target Paths.
[[0;32m  OK  [0m] Listening on D-Bus System Message Bus Socket.
[[0;32m  OK  [0m] Started Daily apt download activities.
[[0;32m  OK  [0m] Started Daily apt upgrade and clean activities.
[[0;32m  OK  [0m] Reached target Timers.
[[0;32m  OK  [0m] Listening on UUID daemon activation socket.
[[0;32m  OK  [0m] Listening on LXD - unix socket.
[[0;32m  OK  [0m] Listening on Socket activation for snappy daemon.
[[0;32m  OK  [0m] Started iSCSI initiator daemon (iscsid).
         Starting Login to default iSCSI targets...
[[0;32m  OK  [0m] Reached target Sockets.
[[0;32m  OK  [0m] Reached target Basic System.
[[0;32m  OK  [0m] Started ACPI event daemon.
         Starting System Logging Service...
         Starting Pollinate to seed the pseudo random number generator...
         Starting LSB: Record successful boot for GRUB...
[[0;32m  OK  [0m] Started Deferred execution scheduler.
         Starting Accounts Service...
         Starting /etc/rc.local Compatibility...
         Starting LXD - container startup/shutdown...
[[0;32m  OK  [0m] Started Regular background program processing daemon.
[[0;32m  OK  [0m] Started D-Bus System Message Bus.
[[0;32m  OK  [0m] Started FUSE filesystem for LXC.
         Starting Login Service...
         Starting Virtualbox guest utils...
         Starting LSB: MD monitoring daemon...
         Starting Snap Daemon...
[[0;32m  OK  [0m] Started System Logging Service.
[[0;32m  OK  [0m] Started /etc/rc.local Compatibility.
[[0;32m  OK  [0m] Started LXD - container startup/shutdown.
[[0;32m  OK  [0m] Started Login to default iSCSI targets.
         Starting Authenticate and Authorize Users to Run Privileged Tasks...
[[0;32m  OK  [0m] Reached target Remote File Systems (Pre).
[[0;32m  OK  [0m] Reached target Remote File Systems.
         Starting LSB: automatic crash report generation...
         Starting Permit User Sessions...
         Starting LSB: daemon to balance interrupts for SMP systems...
         Starting LSB: Set the CPU Frequency Scaling governor to "ondemand"...
[[0;32m  OK  [0m] Started LSB: Record successful boot for GRUB.
[[0;32m  OK  [0m] Started LSB: MD monitoring daemon.
[[0;32m  OK  [0m] Started Permit User Sessions.
[[0;32m  OK  [0m] Started Login Service.
[[0;32m  OK  [0m] Started Authenticate and Authorize Users to Run Privileged Tasks.
[[0;32m  OK  [0m] Started Accounts Service.
[[0;32m  OK  [0m] Started Virtualbox guest utils.
[[0;32m  OK  [0m] Started Unattended Upgrades Shutdown.
         Starting Terminate Plymouth Boot Screen...
         Starting Hold until boot process finishes up...
[[0;32m  OK  [0m] Started LSB: automatic crash report generation.
[[0;32m  OK  [0m] Started LSB: daemon to balance interrupts for SMP systems.
[[0;32m  OK  [0m] Started LSB: Set the CPU Frequency Scaling governor to "ondemand".
[[0;32m  OK  [0m] Started Terminate Plymouth Boot Screen.
[[0;32m  OK  [0m] Started Hold until boot process finishes up.
[[0;32m  OK  [0m] Started Getty on tty1.
         Starting Set console scheme...
[[0;32m  OK  [0m] Started Serial Getty on ttyS0.
[[0;32m  OK  [0m] Reached target Login Prompts.
[[0;32m  OK  [0m] Started Pollinate to seed the pseudo random number generator.
[[0;32m  OK  [0m] Started Set console scheme.
         Starting OpenBSD Secure Shell server...
[[0;32m  OK  [0m] Started OpenBSD Secure Shell server.
[[0;32m  OK  [0m] Started Snap Daemon.
         Starting Wait until snapd is fully seeded...
[[0;32m  OK  [0m] Created slice User Slice of vagrant.
         Starting User Manager for UID 1000...
[[0;32m  OK  [0m] Started Session 1 of user vagrant.
[[0;32m  OK  [0m] Started User Manager for UID 1000.
[[0;32m  OK  [0m] Started Wait until snapd is fully seeded.
         Starting Apply the settings specified in cloud-config...
[[0;32m  OK  [0m] Reached target Multi-User System.
[[0;32m  OK  [0m] Reached target Graphical Interface.
         Starting Update UTMP about System Runlevel Changes...
[[0;32m  OK  [0m] Started Update UTMP about System Runlevel Changes.

Ubuntu 16.04.7 LTS ubuntu-xenial ttyS0

ubuntu-xenial login: [   45.428853] cloud-init[1375]: Generating locales (this might take a while)...
[   50.450799] cloud-init[1375]:   en_US.UTF-8... done
[   50.468372] cloud-init[1375]: Generation complete.
[   51.440800] cloud-init[1375]: Cloud-init v. 20.4.1-0ubuntu1~16.04.1 running 'modules:config' at Wed, 17 Mar 2021 07:31:06 +0000. Up 44.64 seconds.
ci-info: no authorized SSH keys fingerprints found for user ubuntu.
<14>Mar 17 07:31:15 ec2: 
<14>Mar 17 07:31:15 ec2: #############################################################
<14>Mar 17 07:31:15 ec2: -----BEGIN SSH HOST KEY FINGERPRINTS-----
<14>Mar 17 07:31:15 ec2: 1024 SHA256:/vwBU5zgxefcMiIj9CKva95B/g3PqoFr5DBcAmsvJEM root@ubuntu-xenial (DSA)
<14>Mar 17 07:31:15 ec2: 256 SHA256:5d0a39KlyUNk/QHE/yFpZPNzWJKjM80q0MQ72KXOkX4 root@ubuntu-xenial (ECDSA)
<14>Mar 17 07:31:15 ec2: 256 SHA256:DLuTFsXClNUzF3ECTNK6V+rFB24+0l4gRm9eu69OW4c root@ubuntu-xenial (ED25519)
<14>Mar 17 07:31:15 ec2: 2048 SHA256:GMf5GU+S0FeCBxBFodWuXqgUpiICH0eJ0LCVQxErZFM root@ubuntu-xenial (RSA)
<14>Mar 17 07:31:15 ec2: -----END SSH HOST KEY FINGERPRINTS-----
<14>Mar 17 07:31:15 ec2: #############################################################
-----BEGIN SSH HOST KEY KEYS-----
ecdsa-sha2-nistp256 AAAAE2VjZHNhLXNoYTItbmlzdHAyNTYAAAAIbmlzdHAyNTYAAABBBOjc8eUANG6j9XffXLml/G+cFo9NIeAXAER/1S7nNlR2c+XQvYUGgWbsmpk14WylsXTkvb8kJrH0XfTbAVe9ihM= root@ubuntu-xenial
ssh-ed25519 AAAAC3NzaC1lZDI1NTE5AAAAIOn/yNuJlc90MkWbbMaCZdC8JUAQ2t8LGk8ubKbJwvqe root@ubuntu-xenial
ssh-rsa AAAAB3NzaC1yc2EAAAADAQABAAABAQC80+2xvkQ8rD6UY58fZVKb9qJ6gXC9IgTQ21/BSpCPlrKBG/+sfjUQncKVkfs36ilEeGPNTXzGxpOivVIFFOpkFfju7DxlFApjup5QjWhRCVzjqIyJPvPgWkbqBVGVQSO2rP9yU8tdIgc0KW/JRAyBE1y5YlXoU5RT/53qdsf54v0PRG2Ol6NqcaqoxO+ol83pLeKldx9hxxBl6/TMvavv2SjvU7FkdsEsq4g1nNVSK0wgMVDP9P3AzGjOPLLR1C0Ta8NXiH3Byab6X9L1uyHMPMMK5mDOtD75g7SrjL93W1Dt7tZMrRjzuBPqA+XmKGFvR2hMDZfeWzQs4MrOiUjJ root@ubuntu-xenial
-----END SSH HOST KEY KEYS-----
[   53.145507] cloud-init[1559]: Cloud-init v. 20.4.1-0ubuntu1~16.04.1 running 'modules:final' at Wed, 17 Mar 2021 07:31:14 +0000. Up 52.52 seconds.
[   53.171593] cloud-init[1559]: ci-info: no authorized SSH keys fingerprints found for user ubuntu.
[   53.188157] cloud-init[1559]: Cloud-init v. 20.4.1-0ubuntu1~16.04.1 finished at Wed, 17 Mar 2021 07:31:15 +0000. Datasource DataSourceNoCloud [seed=/dev/sdb][dsmode=net].  Up 53.01 seconds
